21:31:07.727 Initialize complete
21:31:22.094 Tick: combat=False group=1 | player=100% 
21:31:24.090 Tick: combat=False group=1 | player=100% 
21:31:26.099 Tick: combat=False group=1 | player=100% 
21:31:28.107 Tick: combat=False group=1 | player=100% 
21:31:30.124 Tick: combat=False group=1 | player=100% 
21:31:32.133 Tick: combat=False group=1 | player=100% 
21:31:34.137 Tick: combat=False group=1 | player=100% 
21:31:39.929 Tick: combat=False group=1 | player=100% 
21:31:43.093 Tick: combat=False group=1 | player=100% 
21:31:45.087 Tick: combat=False group=1 | player=100% 
21:31:47.095 Tick: combat=False group=1 | player=100% 
21:31:49.757 Tick: combat=False group=1 | player=100% 
21:31:51.779 Tick: combat=False group=1 | player=100% 
21:31:53.832 Tick: combat=False group=5 | player=100% party1=100% party2=100% party3=100% party4=100% 
21:31:56.472 Tick: combat=False group=5 | player=100% party1=100% party2=100% party3=100% party4=100% 
21:31:58.483 Tick: combat=False group=5 | player=100% party1=100% party2=100% party3=100% party4=100% 
21:32:00.491 Tick: combat=False group=5 | player=100% party1=100% party2=100% party3=100% party4=100% 
21:32:02.524 Tick: combat=False group=5 | player=100% party1=100% party2=100% party3=100% party4=100% 
21:32:02.777 Casting Judgment
21:32:03.071 Filler FoL on player (100%)
21:32:03.377 Filler FoL on player (100%)
21:32:03.702 Filler FoL on player (100%)
21:32:03.987 Filler FoL on player (100%)
21:32:04.281 Filler FoL on player (100%)
21:32:04.583 Tick: combat=True group=5 | player=100% party1=100% party2=100% party3=100% party4=100% 
21:32:04.586 Filler FoL on player (100%)
21:32:04.901 Filler FoL on party2 (96%)
21:32:05.221 Filler FoL on party2 (96%)
21:32:05.527 Filler FoL on party2 (97%)
21:32:05.812 Filler FoL on party2 (97%)
21:32:06.105 Filler FoL on party2 (97%)
21:32:06.427 Filler FoL on party2 (97%)
21:32:06.737 Tick: combat=True group=5 | player=100% party1=100% party2=97% party3=100% party4=100% 
21:32:06.739 Filler FoL on party2 (97%)
21:32:07.035 Casting Holy Shock on party1 (94%) [charges=2]
21:32:07.338 Casting Holy Shock on party1 (94%) [charges=1]
21:32:07.638 Casting Flash of Light on party2 (91%)
21:32:07.953 Casting Flash of Light on party1 (94%)
21:32:08.237 Casting Flash of Light on party1 (94%)
21:32:08.553 Casting Word of Glory on party1 (86%)
21:32:08.862 Tick: combat=True group=5 | player=100% party1=86% party2=96% party3=100% party4=100% 
21:32:08.863 Casting Word of Glory on party1 (86%)
21:32:09.186 Casting Judgment
21:32:09.461 Casting Judgment
21:32:09.729 Casting Judgment
21:32:10.003 Casting Flash of Light on party2 (94%)
21:32:10.288 Casting Flash of Light on party2 (94%)
21:32:10.611 Casting Flash of Light on party2 (94%)
21:32:10.918 Tick: combat=True group=5 | player=97% party1=100% party2=91% party3=100% party4=100% 
21:32:10.919 Casting Flash of Light on party2 (91%)
21:32:11.202 Casting Flash of Light on party2 (91%)
21:32:11.507 Casting Flash of Light on party2 (91%)
21:32:11.788 Casting Flash of Light on party2 (91%)
21:32:12.096 Casting Word of Glory on party4 (74%)
21:32:12.402 Casting Word of Glory on party4 (74%)
21:32:12.695 Casting Word of Glory on party4 (74%)
21:32:12.995 Tick: combat=True group=5 | player=100% party1=96% party2=90% party3=100% party4=74% 
21:32:12.996 Casting Holy Shock on party4 (74%) [charges=1]
21:32:13.312 Casting Flash of Light on party4 (91%)
21:32:13.612 Casting Flash of Light on party2 (91%)
21:32:13.905 Casting Flash of Light on party2 (91%)
21:32:14.189 Casting Flash of Light on party2 (91%)
21:32:14.508 Casting Flash of Light on party2 (91%)
21:32:14.787 Casting Flash of Light on party2 (91%)
21:32:15.085 Tick: combat=True group=5 | player=100% party1=91% party2=91% party3=100% party4=91% 
21:32:15.088 Casting Flash of Light on party1 (91%)
21:32:15.405 Casting Flash of Light on party2 (85%)
21:32:15.713 Casting Flash of Light on party1 (91%)
21:32:16.014 Casting Flash of Light on party1 (91%)
21:32:16.338 Casting Flash of Light on party1 (89%)
21:32:16.629 Casting Word of Glory on party1 (89%)
21:32:16.921 Casting Word of Glory on party2 (86%)
21:32:17.213 Tick: combat=True group=5 | player=100% party1=91% party2=86% party3=100% party4=93% 
21:32:17.214 Casting Word of Glory on party2 (86%)
21:32:17.536 Casting Word of Glory on party2 (86%)
21:32:17.825 Casting Holy Shock on party2 (86%) [charges=1]
21:32:18.139 Casting Flash of Light on party2 (92%)
21:32:18.460 Casting Flash of Light on party2 (88%)
21:32:18.758 Casting Flash of Light on party2 (88%)
21:32:19.051 Casting Flash of Light on party2 (88%)
21:32:19.354 Tick: combat=True group=5 | player=100% party1=94% party2=88% party3=100% party4=96% 
21:32:19.357 Casting Flash of Light on party2 (88%)
21:32:19.649 Casting Flash of Light on party2 (88%)
21:32:19.934 Casting Flash of Light on party2 (81%)
21:32:20.240 Casting Flash of Light on party2 (75%)
21:32:20.547 Casting Flash of Light on party2 (81%)
21:32:20.841 Casting Flash of Light on party2 (81%)
21:32:21.152 Casting Flash of Light on party2 (81%)
21:32:21.477 Tick: combat=True group=5 | player=100% party1=89% party2=78% party3=100% party4=98% 
21:32:21.481 Casting Flash of Light on party2 (78%)
21:32:21.789 Casting Word of Glory on party2 (83%)
21:32:22.091 Casting Word of Glory on party2 (83%)
21:32:22.401 Casting Word of Glory on party2 (83%)
21:32:22.731 Casting Word of Glory on party2 (83%)
21:32:23.041 Casting Holy Shock on party1 (85%) [charges=1]
21:32:23.334 Casting Flash of Light on party1 (85%)
21:32:23.648 Tick: combat=True group=5 | player=100% party1=85% party2=97% party3=100% party4=100% 
21:32:23.650 Casting Flash of Light on party1 (85%)
21:32:23.940 Casting Flash of Light on party1 (84%)
21:32:24.250 Casting Flash of Light on party1 (85%)
21:32:24.533 Casting Flash of Light on party1 (85%)
21:32:24.842 Casting Flash of Light on party1 (84%)
21:32:25.149 Casting Flash of Light on party1 (84%)
21:32:25.448 Casting Flash of Light on party2 (85%)
21:32:25.739 Tick: combat=True group=5 | player=100% party1=94% party2=85% party3=100% party4=100% 
21:32:25.740 Casting Flash of Light on party2 (85%)
21:32:26.064 Casting Flash of Light on party2 (85%)
21:32:26.357 Casting Flash of Light on party2 (85%)
21:32:26.659 Casting Word of Glory on party2 (83%)
21:32:26.967 Casting Word of Glory on party2 (83%)
21:32:27.268 Casting Word of Glory on party2 (83%)
21:32:27.558 Casting Word of Glory on party2 (79%)
21:32:27.858 Tick: combat=True group=5 | player=100% party1=97% party2=90% party3=100% party4=100% 
21:32:27.858 Casting Holy Shock on party2 (90%) [charges=1]
21:32:28.174 Casting Flash of Light on party2 (90%)
21:32:28.483 Casting Flash of Light on party2 (87%)
21:32:28.768 Casting Flash of Light on party2 (87%)
21:32:29.076 Casting Flash of Light on party2 (83%)
21:32:29.384 Casting Flash of Light on party2 (83%)
21:32:29.675 Casting Flash of Light on party2 (83%)
21:32:29.981 Tick: combat=True group=5 | player=100% party1=97% party2=80% party3=100% party4=100% 
21:32:29.982 Casting Flash of Light on party2 (80%)
21:32:30.277 Casting Flash of Light on party2 (79%)
21:32:30.577 Casting Flash of Light on party2 (79%)
21:32:30.902 Casting Flash of Light on party2 (85%)
21:32:31.210 Casting Flash of Light on party2 (83%)
21:32:31.535 Casting Word of Glory on party2 (83%)
21:32:31.825 Casting Word of Glory on party2 (83%)
21:32:32.124 Tick: combat=True group=5 | player=100% party1=97% party2=89% party3=100% party4=100% 
21:32:32.124 Casting Word of Glory on party2 (89%)
21:32:32.417 Casting Word of Glory on party2 (89%)
21:32:32.726 Casting Word of Glory on party2 (87%)
21:32:33.017 Casting Holy Shock on party2 (87%) [charges=1]
21:32:33.326 Casting Judgment
21:32:33.585 Casting Judgment
21:32:33.843 Casting Judgment
21:32:34.120 Filler FoL on party1 (97%)
21:32:34.433 Tick: combat=True group=5 | player=100% party1=97% party2=95% party3=100% party4=100% 
21:32:34.436 Filler FoL on party2 (95%)
21:32:34.743 Casting Flash of Light on party2 (93%)
21:32:35.033 Casting Flash of Light on party2 (93%)
21:32:35.319 Casting Flash of Light on party2 (93%)
21:32:35.626 Casting Flash of Light on party2 (93%)
21:32:35.934 Casting Flash of Light on party2 (90%)
21:32:36.244 Casting Flash of Light on party2 (90%)
21:32:36.550 Tick: combat=True group=5 | player=100% party1=97% party2=86% party3=100% party4=100% 
21:32:36.551 Casting Word of Glory on party2 (86%)
21:32:36.858 Casting Flash of Light on party2 (92%)
21:32:37.153 Casting Word of Glory on party2 (88%)
21:32:37.437 Casting Word of Glory on party2 (88%)
21:32:37.745 Casting Word of Glory on party2 (88%)
21:32:38.081 Filler FoL on party1 (97%)
21:32:38.390 Filler FoL on party1 (97%)
21:32:38.701 Tick: combat=True group=5 | player=100% party1=97% party2=100% party3=100% party4=100% 
21:32:38.704 Filler FoL on party1 (97%)
21:32:39.028 Filler FoL on party2 (96%)
21:32:39.321 Filler FoL on party2 (96%)
21:32:39.648 Casting Holy Shock on party2 (93%) [charges=1]
21:32:39.945 Casting Flash of Light on party2 (93%)
21:32:40.252 Casting Flash of Light on party2 (93%)
21:32:40.564 Casting Flash of Light on party2 (94%)
21:32:40.870 Tick: combat=True group=5 | player=100% party1=100% party2=90% party3=100% party4=100% 
21:32:40.871 Casting Flash of Light on party2 (90%)
21:32:41.178 Casting Flash of Light on party2 (90%)
21:32:41.477 Casting Flash of Light on party2 (90%)
21:32:41.863 Filler FoL on party2 (96%)
21:32:42.153 Filler FoL on party2 (96%)
21:32:42.438 Casting Holy Shock on party2 (93%) [charges=1]
21:32:42.764 Filler FoL on player (100%)
21:32:43.068 Tick: combat=True group=5 | player=100% party1=100% party2=100% party3=100% party4=100% 
21:32:43.072 Filler FoL on player (100%)
21:32:43.376 Filler FoL on player (100%)
21:32:43.672 Filler FoL on player (100%)
21:32:44.000 Filler FoL on party2 (96%)
21:32:44.304 Filler FoL on party2 (96%)
21:32:44.614 Filler FoL on party2 (96%)
21:32:44.922 Filler FoL on party2 (96%)
21:32:45.204 Tick: combat=True group=5 | player=100% party1=100% party2=94% party3=100% party4=100% 
21:32:45.206 Casting Flash of Light on party2 (94%)
21:32:45.538 Casting Flash of Light on party2 (94%)
21:32:45.837 Casting Flash of Light on party2 (94%)
21:32:46.131 Casting Flash of Light on party2 (94%)
21:32:46.439 Filler FoL on player (100%)
21:32:46.763 Filler FoL on player (100%)
21:32:47.073 Filler FoL on party2 (97%)
21:32:47.362 Tick: combat=True group=5 | player=100% party1=100% party2=97% party3=100% party4=100% 
21:32:47.364 Filler FoL on party2 (97%)
21:32:47.675 Filler FoL on player (100%)
21:32:47.971 Filler FoL on player (100%)
21:32:48.281 Filler FoL on player (100%)
21:32:48.579 Filler FoL on party2 (97%)
21:32:48.888 Filler FoL on party2 (97%)
21:32:49.201 Filler FoL on party2 (97%)
21:32:49.486 Tick: combat=True group=5 | player=100% party1=100% party2=100% party3=100% party4=100% 
21:32:49.488 Filler FoL on player (100%)
21:32:49.788 Filler FoL on player (100%)
21:32:50.082 Filler FoL on party2 (97%)
21:32:50.388 Filler FoL on party2 (97%)
21:32:50.695 Filler FoL on player (100%)
21:32:51.487 Tick: combat=True group=5 | player=100% party1=100% party2=100% party3=100% party4=100% 
21:32:53.495 Tick: combat=True group=5 | player=100% party1=100% party2=100% party3=100% party4=100% 
21:32:55.497 Tick: combat=True group=5 | player=100% party1=100% party2=100% party3=100% party4=100% 
21:32:57.506 Tick: combat=True group=5 | player=100% party1=100% party2=100% party3=100% party4=100% 
21:32:59.513 Tick: combat=True group=5 | player=100% party1=100% party2=100% party3=100% party4=100% 
21:33:01.514 Tick: combat=True group=5 | player=100% party1=100% party2=100% party3=100% party4=100% 
21:33:01.516 Filler FoL on player (100%)
21:33:01.824 Filler FoL on player (100%)
21:33:02.134 Filler FoL on player (100%)
21:33:02.427 Filler FoL on player (100%)
21:33:02.763 Filler FoL on player (100%)
21:33:03.076 Filler FoL on player (100%)
21:33:03.359 Filler FoL on player (100%)
21:33:03.658 Tick: combat=True group=5 | player=100% party1=100% party2=100% party3=100% party4=100% 
21:33:03.660 Filler FoL on player (100%)
21:33:03.968 Filler FoL on player (100%)
21:33:04.258 Filler FoL on player (100%)
21:33:04.542 Filler FoL on player (100%)
21:33:04.837 Filler FoL on player (100%)
21:33:05.159 Filler FoL on player (100%)
21:33:05.468 Filler FoL on player (100%)
21:33:05.786 Tick: combat=True group=5 | player=100% party1=100% party2=100% party3=100% party4=100% 
21:33:05.788 Filler FoL on player (100%)
21:33:06.084 Filler FoL on player (100%)
21:33:06.399 Filler FoL on player (100%)
21:33:06.690 Casting Word of Glory on party1 (86%)
21:33:06.992 Casting Judgment
21:33:07.257 Casting Judgment
21:33:07.525 Casting Holy Shock on party1 (86%) [charges=2]
21:33:07.824 Tick: combat=True group=5 | player=100% party1=86% party2=100% party3=100% party4=100% 
21:33:07.826 Casting Holy Shock on party1 (86%) [charges=1]
21:33:08.108 Casting Word of Glory on party1 (86%)
21:33:08.419 Casting Judgment
21:33:08.684 Casting Judgment
21:33:08.960 Casting Judgment
21:33:09.247 Casting Judgment
21:33:09.501 Casting Shield of the Righteous
21:33:09.784 Casting Shield of the Righteous
21:33:10.041 Tick: combat=True group=5 | player=100% party1=100% party2=95% party3=100% party4=100% 
21:33:10.043 Casting Shield of the Righteous
21:33:10.310 Casting Shield of the Righteous
21:33:10.562 Filler FoL on party2 (95%)
21:33:10.868 Filler FoL on party2 (95%)
21:33:11.185 Dispelling Aqua Bomb on party4
21:33:11.252 Casting Flash of Light on party2 (91%)
21:33:11.544 Casting Flash of Light on party2 (91%)
21:33:11.831 Dispelling Aqua Bomb on party4
21:33:11.900 Casting Flash of Light on party2 (90%)
21:33:12.193 Tick: combat=True group=5 | player=97% party1=100% party2=100% party3=100% party4=100% 
21:33:12.196 Filler FoL on player (97%)
21:33:12.494 Dispelling Aqua Bomb on party4
21:33:12.560 Filler FoL on player (97%)
21:33:12.870 Filler FoL on player (97%)
21:33:13.192 Dispelling Aqua Bomb on party4
21:33:13.252 Casting Holy Shock on party2 (90%) [charges=1]
21:33:13.545 Casting Flash of Light on party2 (90%)
21:33:13.845 Dispelling Aqua Bomb on party4
21:33:13.935 Casting Flash of Light on party2 (90%)
21:33:14.227 Tick: combat=True group=5 | player=97% party1=100% party2=87% party3=100% party4=96% 
21:33:14.229 Casting Word of Glory on party2 (87%)
21:33:14.536 Casting Word of Glory on party2 (88%)
21:33:14.841 Casting Word of Glory on party2 (88%)
21:33:15.136 Casting Word of Glory on party2 (88%)
21:33:15.434 Casting Word of Glory on party2 (88%)
21:33:15.746 Casting Shield of the Righteous
21:33:16.020 Casting Shield of the Righteous
21:33:16.303 Tick: combat=True group=5 | player=100% party1=100% party2=99% party3=100% party4=100% 
21:33:16.305 Casting Shield of the Righteous
21:33:16.578 Casting Shield of the Righteous
21:33:16.845 Casting Judgment
21:33:17.104 Casting Judgment
21:33:17.371 Casting Judgment
21:33:17.644 Casting Judgment
21:33:17.912 Casting Judgment
21:33:18.204 Casting Holy Shock on party2 (93%) [charges=1]
21:33:18.511 Tick: combat=True group=5 | player=100% party1=100% party2=93% party3=100% party4=100% 
21:33:18.512 Casting Flash of Light on party2 (93%)
21:33:18.795 Casting Flash of Light on party2 (93%)
21:33:19.104 Casting Flash of Light on party2 (89%)
21:33:19.410 Casting Flash of Light on party2 (84%)
21:33:19.697 Casting Flash of Light on party2 (81%)
21:33:20.002 Casting Flash of Light on party2 (81%)
21:33:20.295 Casting Flash of Light on party2 (69%)
21:33:20.602 Tick: combat=True group=5 | player=100% party1=100% party2=69% party3=100% party4=100% 
21:33:20.603 Casting Word of Glory on party2 (69%)
21:33:20.912 Casting Word of Glory on party2 (83%)
21:33:21.224 Casting Word of Glory on party2 (83%)
21:33:21.532 Casting Word of Glory on party2 (77%)
21:33:21.837 Casting Flash of Light on party2 (72%)
21:33:22.130 Dispelling Aqua Bomb on party2
21:33:22.205 Casting Flash of Light on party2 (86%)
21:33:22.531 Casting Holy Shock on party2 (86%) [charges=1]
21:33:22.838 Tick: combat=True group=5 | player=100% party1=100% party2=86% party3=100% party4=100% 
21:33:22.840 Dispelling Aqua Bomb on party2
21:33:22.915 Casting Flash of Light on party2 (82%)
21:33:23.206 Casting Flash of Light on party2 (82%)
21:33:23.531 Dispelling Aqua Bomb on party2
21:33:23.606 Casting Flash of Light on party3 (82%)
21:33:23.908 Casting Flash of Light on party1 (82%)
21:33:24.229 Dispelling Aqua Bomb on party2
21:33:24.306 Casting Flash of Light on party2 (78%)
21:33:24.633 Casting Flash of Light on party2 (78%)
21:33:24.938 Tick: combat=True group=5 | player=91% party1=82% party2=74% party3=82% party4=82% 
21:33:24.939 Dispelling Aqua Bomb on party2
21:33:25.004 Casting Flash of Light on party2 (74%)
21:33:25.296 Casting Flash of Light on party2 (74%)
21:33:25.603 Dispelling Aqua Bomb on party2
21:33:25.680 Casting Word of Glory on party2 (67%)
21:33:25.973 Casting Word of Glory on party2 (64%)
21:33:26.261 Dispelling Aqua Bomb on party2
21:33:26.333 Casting Word of Glory on party2 (59%)
21:33:26.631 Casting Word of Glory on party2 (59%)
21:33:26.930 Dispelling Aqua Bomb on party2
21:33:27.003 Tick: combat=True group=5 | player=91% party1=87% party2=75% party3=82% party4=85% 
21:33:27.006 Casting Flash of Light on party2 (75%)
21:33:27.299 Casting Flash of Light on party2 (75%)
21:33:27.622 Dispelling Aqua Bomb on party2
21:33:27.685 Casting Holy Shock on party2 (68%) [charges=1]
21:33:27.966 Casting Flash of Light on party2 (68%)
21:33:28.274 Casting Flash of Light on party2 (77%)
21:33:28.574 Casting Flash of Light on party2 (77%)
21:33:28.881 Casting Flash of Light on party2 (77%)
21:33:29.206 Tick: combat=True group=5 | player=91% party1=87% party2=75% party3=82% party4=85% 
21:33:29.207 Casting Flash of Light on party2 (75%)
21:33:29.517 Casting Flash of Light on party2 (70%)
21:33:29.807 Casting Flash of Light on party2 (70%)
21:33:30.116 Casting Flash of Light on party2 (70%)
21:33:30.423 Casting Flash of Light on party2 (61%)
21:33:30.724 Casting Flash of Light on party2 (67%)
21:33:31.032 Casting Flash of Light on party2 (67%)
21:33:31.323 Tick: combat=True group=5 | player=91% party1=87% party2=67% party3=82% party4=86% 
21:33:31.325 Casting Flash of Light on party2 (67%)
21:33:31.631 Casting Flash of Light on party2 (63%)
21:33:31.931 Casting Word of Glory on party2 (73%)
21:33:32.223 Casting Word of Glory on party2 (69%)
21:33:32.532 Casting Word of Glory on party2 (69%)
21:33:32.824 Casting Word of Glory on party2 (69%)
21:33:33.117 Casting Holy Shock on party2 (69%) [charges=1]
21:33:33.424 Tick: combat=True group=5 | player=91% party1=87% party2=70% party3=82% party4=91% 
21:33:33.426 Casting Flash of Light on party2 (70%)
21:33:33.723 Casting Flash of Light on party2 (70%)
21:33:37.026 Rotation stopped
