12:24:46.618 Initialize complete
12:25:07.787 Tick: combat=False group=5 | player=100% party1=100% party2=100% party3=100% party4=100% 
12:25:09.807 Tick: combat=False group=5 | player=100% party1=100% party2=100% party3=100% party4=100% 
12:25:11.826 Tick: combat=False group=5 | player=100% party1=100% party2=100% party3=100% party4=100% 
12:25:11.963 Casting Holy Shock on player (100%)
12:25:13.373 Filler FoL on player (100%)
12:25:14.793 Tick: combat=True group=5 | player=90% party1=100% party2=100% party3=100% party4=100% 
12:25:14.794 Casting Flash of Light on player (90%)
12:25:16.207 Casting Flash of Light on player (90%)
12:25:17.611 Tick: combat=True group=5 | player=90% party1=100% party2=100% party3=100% party4=100% 
12:25:17.613 Casting Holy Shock on player (90%)
12:25:19.038 Casting Judgment
12:25:20.453 Tick: combat=True group=5 | player=100% party1=100% party2=100% party3=100% party4=100% 
12:25:20.455 Filler FoL on player (100%)
12:25:21.872 Filler FoL on player (100%)
12:25:23.275 Tick: combat=True group=5 | player=100% party1=100% party2=100% party3=100% party4=100% 
12:25:23.277 Casting Holy Shock on player (100%)
12:25:24.681 Filler FoL on party1 (99%)
12:25:26.109 Tick: combat=True group=5 | player=95% party1=100% party2=100% party3=100% party4=100% 
12:25:26.112 Filler FoL on player (95%)
12:25:27.532 Filler FoL on player (100%)
12:25:28.939 Tick: combat=True group=5 | player=100% party1=90% party2=100% party3=100% party4=100% 
12:25:28.940 Casting Holy Shock on party1 (90%)
12:25:30.350 Filler FoL on player (96%)
12:25:31.782 Tick: combat=True group=5 | player=100% party1=99% party2=100% party3=100% party4=100% 
12:25:31.785 Filler FoL on party1 (99%)
12:25:33.191 Casting Word of Glory on party1 (84%)
12:25:34.626 Tick: combat=True group=5 | player=96% party1=100% party2=100% party3=100% party4=100% 
12:25:34.628 Casting Holy Shock on player (96%)
12:25:36.057 Casting Judgment
12:25:37.483 Tick: combat=True group=5 | player=97% party1=100% party2=100% party3=92% party4=100% 
12:25:37.484 Casting Flash of Light on party3 (92%)
12:25:38.894 Casting Flash of Light on party3 (92%)
12:25:40.301 Tick: combat=True group=5 | player=100% party1=97% party2=100% party3=100% party4=100% 
12:25:40.303 Casting Holy Shock on party1 (97%)
12:25:41.735 Casting Flash of Light on party1 (90%)
12:25:43.162 Tick: combat=True group=5 | player=100% party1=87% party2=100% party3=100% party4=100% 
12:25:43.164 Casting Word of Glory on party1 (87%)
12:25:44.576 Casting Flash of Light on party1 (94%)
12:25:45.984 Tick: combat=True group=5 | player=100% party1=97% party2=100% party3=100% party4=100% 
12:25:45.986 Casting Holy Shock on party1 (97%)
12:25:47.410 Casting Word of Glory on party1 (87%)
12:25:48.843 Tick: combat=True group=5 | player=100% party1=85% party2=100% party3=100% party4=100% 
12:25:48.846 Casting Flash of Light on party1 (85%)
12:25:50.264 Casting Flash of Light on party1 (86%)
12:25:51.670 Tick: combat=True group=5 | player=99% party1=86% party2=100% party3=100% party4=100% 
12:25:51.671 Casting Holy Shock on party1 (86%)
12:25:53.096 Casting Judgment
12:25:54.512 Tick: combat=True group=5 | player=100% party1=75% party2=100% party3=91% party4=100% 
12:25:54.514 Casting Word of Glory on party1 (75%)
12:25:55.929 Casting Flash of Light on party1 (83%)
12:25:57.346 Tick: combat=True group=5 | player=100% party1=83% party2=100% party3=91% party4=100% 
12:25:57.348 Casting Holy Shock on party1 (83%)
12:25:58.793 Casting Flash of Light on party3 (91%)
12:26:00.222 Tick: combat=True group=5 | player=100% party1=96% party2=100% party3=91% party4=100% 
12:26:00.224 Casting Flash of Light on party3 (91%)
12:26:01.631 Casting Word of Glory on party1 (87%)
12:26:03.058 Tick: combat=True group=5 | player=100% party1=99% party2=100% party3=100% party4=100% 
12:26:03.060 Casting Holy Shock on party1 (99%)
12:26:04.482 Casting Judgment
12:26:05.909 Tick: combat=True group=5 | player=100% party1=100% party2=100% party3=100% party4=100% 
12:26:05.911 Filler FoL on player (100%)
12:26:07.319 Filler FoL on player (100%)
12:26:08.757 Tick: combat=True group=5 | player=100% party1=100% party2=100% party3=100% party4=100% 
12:26:08.759 Casting Holy Shock on player (100%)
12:26:10.167 Casting Word of Glory on party2 (85%)
12:26:11.599 Tick: combat=True group=5 | player=98% party1=92% party2=100% party3=85% party4=100% 
12:26:11.600 Casting Flash of Light on party3 (85%)
12:26:13.028 Casting Flash of Light on party3 (90%)
12:26:14.459 Tick: combat=True group=5 | player=100% party1=92% party2=100% party3=90% party4=100% 
12:26:14.460 Casting Holy Shock on party3 (90%)
12:26:15.893 Casting Flash of Light on party1 (93%)
12:26:17.300 Tick: combat=True group=5 | player=100% party1=93% party2=100% party3=100% party4=100% 
12:26:17.302 Casting Flash of Light on party1 (93%)
12:26:18.727 Filler FoL on party1 (98%)
12:26:20.135 Tick: combat=False group=5 | player=100% party1=100% party2=100% party3=100% party4=100% 
12:26:22.155 Tick: combat=False group=5 | player=100% party1=100% party2=100% party3=100% party4=100% 
12:26:24.168 Tick: combat=False group=5 | player=100% party1=100% party2=100% party3=100% party4=100% 
12:26:26.497 Rotation stopped
