02:04:00.527 Initialize complete
02:04:39.001 Tick: combat=True group=5 inParty=True inRaid=False groupSize=5 | player=100% party1=100% party2=52% party3=100% party4=100% 
02:04:39.005 Casting Flash of Light on party2 (52%)
02:04:41.005 Tick: combat=True group=5 inParty=True inRaid=False groupSize=5 | player=100% party1=100% party2=46% party3=100% party4=100% 
02:04:41.006 Casting Flash of Light on party2 (46%)
02:04:43.031 Tick: combat=True group=5 inParty=True inRaid=False groupSize=5 | player=100% party1=100% party2=43% party3=100% party4=100% 
02:04:43.033 Casting Flash of Light on party2 (43%)
02:04:45.056 Tick: combat=True group=5 inParty=True inRaid=False groupSize=5 | player=100% party1=100% party2=39% party3=100% party4=100% 
02:04:45.058 Casting Flash of Light on party2 (39%)
02:04:47.057 Tick: combat=True group=5 inParty=True inRaid=False groupSize=5 | player=100% party1=100% party2=44% party3=100% party4=100% 
02:04:47.058 Casting Flash of Light on party2 (44%)
02:04:49.064 Tick: combat=True group=5 inParty=True inRaid=False groupSize=5 | player=100% party1=100% party2=50% party3=100% party4=100% 
02:04:49.065 Casting Flash of Light on party2 (50%)
02:04:51.073 Tick: combat=True group=5 inParty=True inRaid=False groupSize=5 | player=100% party1=100% party2=53% party3=100% party4=100% 
02:04:51.074 Casting Flash of Light on party2 (53%)
02:04:53.082 Tick: combat=True group=5 inParty=True inRaid=False groupSize=5 | player=100% party1=100% party2=61% party3=100% party4=100% 
02:04:53.083 Casting Flash of Light on party2 (61%)
02:04:55.100 Tick: combat=True group=5 inParty=True inRaid=False groupSize=5 | player=100% party1=100% party2=63% party3=100% party4=100% 
02:04:55.100 Casting Flash of Light on party2 (63%)
02:04:57.124 Tick: combat=True group=5 inParty=True inRaid=False groupSize=5 | player=100% party1=100% party2=70% party3=100% party4=100% 
02:04:57.125 Casting Flash of Light on party2 (70%)
02:04:59.124 Tick: combat=True group=5 inParty=True inRaid=False groupSize=5 | player=100% party1=91% party2=79% party3=91% party4=93% 
02:04:59.127 Casting Flash of Light on party2 (79%)
02:05:01.144 Tick: combat=True group=5 inParty=True inRaid=False groupSize=5 | player=100% party1=91% party2=91% party3=91% party4=95% 
02:05:01.145 Casting Flash of Light on party1 (91%)
02:05:03.160 Tick: combat=True group=5 inParty=True inRaid=False groupSize=5 | player=100% party1=97% party2=78% party3=91% party4=96% 
02:05:03.161 Casting Flash of Light on party2 (78%)
02:05:05.170 Tick: combat=True group=5 inParty=True inRaid=False groupSize=5 | player=100% party1=97% party2=76% party3=91% party4=97% 
02:05:05.171 Casting Flash of Light on party2 (76%)
02:05:05.652 Dispelling Aqua Bomb on party3
02:05:05.711 Dispelling Aqua Bomb on party3
02:05:05.769 Dispelling Aqua Bomb on party3
02:05:05.834 Dispelling Aqua Bomb on party3
02:05:05.894 Dispelling Aqua Bomb on party3
02:05:05.960 Dispelling Aqua Bomb on party3
02:05:06.020 Dispelling Aqua Bomb on party3
02:05:06.097 Dispelling Aqua Bomb on party3
02:05:06.160 Dispelling Aqua Bomb on party3
02:05:06.218 Dispelling Aqua Bomb on party3
02:05:06.287 Dispelling Aqua Bomb on party3
02:05:06.345 Dispelling Aqua Bomb on party3
02:05:06.410 Dispelling Aqua Bomb on party3
02:05:07.186 Tick: combat=True group=5 inParty=True inRaid=False groupSize=5 | player=100% party1=97% party2=71% party3=100% party4=98% 
02:05:08.436 Casting Flash of Light on party2 (63%)
02:05:09.203 Tick: combat=True group=5 inParty=True inRaid=False groupSize=5 | player=100% party1=97% party2=61% party3=100% party4=98% 
02:05:10.462 Casting Flash of Light on party2 (62%)
02:05:11.220 Tick: combat=True group=5 inParty=True inRaid=False groupSize=5 | player=100% party1=97% party2=62% party3=100% party4=100% 
02:05:12.478 Casting Flash of Light on party2 (57%)
02:05:13.238 Tick: combat=True group=5 inParty=True inRaid=False groupSize=5 | player=100% party1=97% party2=54% party3=100% party4=100% 
02:05:14.506 Casting Flash of Light on party2 (49%)
02:05:15.265 Tick: combat=True group=5 inParty=True inRaid=False groupSize=5 | player=100% party1=97% party2=46% party3=100% party4=100% 
02:05:16.507 Casting Flash of Light on party2 (38%)
02:05:16.631 Dispelling Aqua Bomb on party2
02:05:16.688 Dispelling Aqua Bomb on party2
02:05:16.754 Dispelling Aqua Bomb on party2
02:05:16.813 Dispelling Aqua Bomb on party2
02:05:16.872 Dispelling Aqua Bomb on party2
02:05:16.938 Dispelling Aqua Bomb on party2
02:05:16.997 Dispelling Aqua Bomb on party2
02:05:17.063 Dispelling Aqua Bomb on party2
02:05:17.138 Dispelling Aqua Bomb on party2
02:05:17.197 Dispelling Aqua Bomb on party2
02:05:17.254 Dispelling Aqua Bomb on party2
02:05:17.321 Tick: combat=True group=5 inParty=True inRaid=False groupSize=5 | player=96% party1=88% party2=35% party3=91% party4=91% 
02:05:17.321 Dispelling Aqua Bomb on party2
02:05:17.382 Dispelling Aqua Bomb on party2
02:05:17.445 Dispelling Aqua Bomb on party2
02:05:17.504 Dispelling Aqua Bomb on party2
02:05:17.631 Dispelling Aqua Bomb on party2
02:05:17.688 Dispelling Aqua Bomb on party2
02:05:17.757 Dispelling Aqua Bomb on party2
02:05:19.348 Tick: combat=True group=5 inParty=True inRaid=False groupSize=5 | player=99% party1=88% party2=44% party3=91% party4=92% 
02:05:19.781 Casting Flash of Light on party2 (39%)
02:05:21.364 Tick: combat=True group=5 inParty=True inRaid=False groupSize=5 | player=100% party1=88% party2=51% party3=91% party4=92% 
02:05:21.783 Casting Flash of Light on party2 (47%)
02:05:23.366 Tick: combat=True group=5 inParty=True inRaid=False groupSize=5 | player=100% party1=88% party2=54% party3=91% party4=96% 
02:05:24.487 Rotation stopped
